
     __________________________________________________________________________
    |                                                                          |
    |    Title       : Password Generator                                      |
    |    Description : Enter your keywords with comma(,) or space( ) seperator |
    |                  and get your strong password                            |
    |__________________________________________________________________________|
    |                                                                          |
    |    Author      : Memonet                                                 |
    |    Date        : 2021-04-24                                              |
    |    Location    : Ankara/TURKEY                                           |
    |    Version     : v1.0.0.0                                                |
    |    Filename    : passgen.py                                              |
    |__________________________________________________________________________|


     ___________________
    |Starting Date      : 2021-04-24 17:32:45
     ___________________
    |Password Length    : 18
    |Password Count     : 2
     ___________________
    |Entered Keywords   : ['paris', 'tokyo', '2021', 'corona', 'HOLIDAY']
     ___________________
    |Changed Keywords   : ['P@r!5', 'T0ky0', '2021', 'C0r0n@', 'h02!D4Y']
     _________________________
    |PASSWORD(s) GENERATING...
    |Generated Password : $2021$C0r0n@!C0r0n
    |Generated Password : *h02!D4Y?C0r0n@$20
     _____________________________________
    | PASSWORD(s) GENERATED SUCCESSFULLY! |
    | Operation Time     : 0.0035 seconds |
    |_____________________________________|
